<?xml version="1.0" encoding="UTF-8"?>
<!-- Generated by org.testng.reporters.JUnitXMLReporter -->
<testsuite ignored="0" hostname="RajiLaptop" failures="1" tests="15" name="Test" time="0.145" errors="0" timestamp="2024-07-05T12:08:38 CDT">
  <testcase classname="TestPack3.DependsonMethods" name="credentials" time="0.012"/>
  <testcase classname="TestPack3.DependsonMethods" name="carloan2" time="0.003"/>
  <testcase classname="TestPack3.DependsonMethods" name="carloan3" time="0.008"/>
  <testcase classname="TestPack3.DependsonMethods" name="carloan" time="0.002"/>
  <testcase classname="TestPack3.DataProviderClass" name="carloan" time="0.009"/>
  <testcase classname="TestPack3.DataProviderClass" name="carloan" time="0.002"/>
  <testcase classname="TestPack3.DataProviderClass" name="carloan" time="0.001"/>
  <testcase classname="TestPack3.Test3" name="Test31" time="0.002"/>
  <testcase classname="TestPack3.Test3" name="Test32" time="0.0">
    <failure type="org.testng.TestNGException" message="
Parameter &amp;apos;username&amp;apos; is required by @Test on method Test32 but has not been marked @Optional or defined
in C:\Users\rajes\eclipse-workspace1\TestNG2\testngListeener.xml">
      <![CDATA[org.testng.TestNGException: 
Parameter 'username' is required by @Test on method Test32 but has not been marked @Optional or defined
in C:\Users\rajes\eclipse-workspace1\TestNG2\testngListeener.xml
at java.base/java.util.ArrayList.forEach(ArrayList.java:1597)
... Removed 26 stack frames]]>
    </failure>
  </testcase> <!-- Test32 -->
  <testcase classname="TestPack3.Test3" name="Test33" time="0.002"/>
  <testcase classname="TestPack3.Test4" name="Test41" time="0.001"/>
  <testcase classname="TestPack3.Test4" name="Test42" time="0.002"/>
  <testcase classname="TestPack3.Test5" name="Test51" time="0.0"/>
  <testcase classname="TestPack3.Test5" name="Test52" time="0.001"/>
  <testcase classname="TestPack3.Test5" name="Test53" time="0.001"/>
</testsuite> <!-- Test -->
